#
# There is insufficient memory for the Java Runtime Environment to continue.
# Native memory allocation (mmap) failed to map 132120576 bytes for G1 virtual space
# Possible reasons:
#   The system is out of physical RAM or swap space
#   The process is running with CompressedOops enabled, and the Java Heap may be blocking the growth of the native heap
# Possible solutions:
#   Reduce memory load on the system
#   Increase physical memory or swap space
#   Check if swap backing store is full
#   Decrease Java heap size (-Xmx/-Xms)
#   Decrease number of Java threads
#   Decrease Java thread stack sizes (-Xss)
#   Set larger code cache with -XX:ReservedCodeCacheSize=
#   JVM is running with Unscaled Compressed Oops mode in which the Java heap is
#     placed in the first 4GB address space. The Java Heap base address is the
#     maximum limit for the native heap growth. Please use -XX:HeapBaseMinAddress
#     to set the Java Heap base and to place the Java Heap above 4GB virtual address.
# This output file may be truncated or incomplete.
#
#  Out of Memory Error (os_windows.cpp:3600), pid=14120, tid=20828
#
# JRE version:  (21.0+35) (build )
# Java VM: Java HotSpot(TM) 64-Bit Server VM (21+35-LTS-2513, mixed mode, sharing, tiered, compressed oops, compressed class ptrs, g1 gc, windows-amd64)
# No core dump will be written. Minidumps are not enabled by default on client versions of Windows
#

---------------  S U M M A R Y ------------

Command Line: -Dmaven.home=EMBEDDED -Dclassworlds.conf=D:\SpringBootAngular\.metadata\.plugins\org.eclipse.m2e.launching\launches\m2conf13218834223627730835.tmp -Dmaven.multiModuleProjectDirectory=D:\SpringMVC\StudentManagementSystem\StudentManagementSystem -Dm2e.build.project.data.socket.port=57016 -Dfile.encoding=UTF-8 -Dstdout.encoding=UTF-8 -Dstderr.encoding=UTF-8 -XX:+ShowCodeDetailsInExceptionMessages org.codehaus.plexus.classworlds.launcher.Launcher -B -Dstyle.color=always clean

Host: Intel(R) Core(TM) i3-1005G1 CPU @ 1.20GHz, 4 cores, 7G,  Windows 11 , 64 bit Build 22621 (10.0.22621.2506)
Time: Wed Mar 27 20:30:18 2024 India Standard Time elapsed time: 0.018281 seconds (0d 0h 0m 0s)

---------------  T H R E A D  ---------------

Current thread (0x000001cf83e1d7a0):  JavaThread "Unknown thread" [_thread_in_vm, id=20828, stack(0x0000000319f00000,0x000000031a000000) (1024K)]

Stack: [0x0000000319f00000,0x000000031a000000]
Native frames: (J=compiled Java code, j=interpreted, Vv=VM code, C=native code)
V  [jvm.dll+0x6c8d39]
V  [jvm.dll+0x854091]
V  [jvm.dll+0x85630e]
V  [jvm.dll+0x8569e3]
V  [jvm.dll+0x2809a6]
V  [jvm.dll+0x6c5425]
V  [jvm.dll+0x6b9e1a]
V  [jvm.dll+0x3555ba]
V  [jvm.dll+0x35d206]
V  [jvm.dll+0x3adf6e]
V  [jvm.dll+0x3ae218]
V  [jvm.dll+0x328fcc]
V  [jvm.dll+0x329b5b]
V  [jvm.dll+0x81c699]
V  [jvm.dll+0x3bb2a1]
V  [jvm.dll+0x805688]
V  [jvm.dll+0x44ed9e]
V  [jvm.dll+0x4506a1]
C  [jli.dll+0x52a3]
C  [ucrtbase.dll+0x29363]
C  [KERNEL32.DLL+0x1257d]
C  [ntdll.dll+0x5aa58]


---------------  P R O C E S S  ---------------

Threads class SMR info:
_java_thread_list=0x00007fffa5717b48, length=0, elements={
}

Java Threads: ( => current thread )
Total: 0

Other Threads:
  0x000001cf83e6e0c0 WorkerThread "GC Thread#0"                     [id=5452, stack(0x000000031a000000,0x000000031a100000) (1024K)]
  0x000001cf83e7f880 ConcurrentGCThread "G1 Main Marker"            [id=22276, stack(0x000000031a100000,0x000000031a200000) (1024K)]
  0x000001cf83e81050 WorkerThread "G1 Conc#0"                       [id=2440, stack(0x000000031a200000,0x000000031a300000) (1024K)]

[error occurred during error reporting (printing all threads), id 0xc0000005, EXCEPTION_ACCESS_VIOLATION (0xc0000005) at pc=0x00007fffa4e8c097]
VM state: not at safepoint (not fully initialized)

VM Mutex/Monitor currently owned by a thread:  ([mutex/lock_event])
[0x00007fffa5788648] Heap_lock - owner thread: 0x000001cf83e1d7a0

Heap address: 0x0000000083a00000, size: 1990 MB, Compressed Oops mode: 32-bit

CDS archive(s) mapped at: [0x0000000000000000-0x0000000000000000-0x0000000000000000), size 0, SharedBaseAddress: 0x0000000800000000, ArchiveRelocationMode: 1.
Narrow klass base: 0x0000000000000000, Narrow klass shift: 0, Narrow klass range: 0x0

GC Precious Log:
 CardTable entry size: 512
 Card Set container configuration: InlinePtr #cards 5 size 8 Array Of Cards #cards 12 size 40 Howl #buckets 4 coarsen threshold 1843 Howl Bitmap #cards 512 size 80 coarsen threshold 460 Card regions per heap region 1 cards per card region 2048

Heap:
 garbage-first heap   total 0K, used 0K [0x0000000083a00000, 0x0000000100000000)
  region size 1024K, 0 young (0K), 0 survivors (0K)

[error occurred during error reporting (printing heap information), id 0xc0000005, EXCEPTION_ACCESS_VIOLATION (0xc0000005) at pc=0x00007fffa5271939]
GC Heap History (0 events):
No events

Dll operation events (1 events):
Event: 0.011 Loaded shared library C:\Program Files\Java\jdk-21\bin\java.dll

Deoptimization events (0 events):
No events

Classes loaded (0 events):
No events

Classes unloaded (0 events):
No events

Classes redefined (0 events):
No events

Internal exceptions (0 events):
No events

ZGC Phase Switch (0 events):
No events

VM Operations (0 events):
No events

Events (0 events):
No events


Dynamic libraries:
0x00007ff6f4b20000 - 0x00007ff6f4b30000 	C:\Program Files\Java\jdk-21\bin\javaw.exe
0x00007fffeafb0000 - 0x00007fffeb1c7000 	C:\WINDOWS\SYSTEM32\ntdll.dll
0x00007fffe8d00000 - 0x00007fffe8dc4000 	C:\WINDOWS\System32\KERNEL32.DLL
0x00007fffe88a0000 - 0x00007fffe8c46000 	C:\WINDOWS\System32\KERNELBASE.dll
0x00007fffe8640000 - 0x00007fffe8751000 	C:\WINDOWS\System32\ucrtbase.dll
0x00007fffda730000 - 0x00007fffda749000 	C:\Program Files\Java\jdk-21\bin\jli.dll
0x00007fffe9390000 - 0x00007fffe9443000 	C:\WINDOWS\System32\ADVAPI32.dll
0x00007fffe9af0000 - 0x00007fffe9b97000 	C:\WINDOWS\System32\msvcrt.dll
0x00007fffe9c00000 - 0x00007fffe9ca8000 	C:\WINDOWS\System32\sechost.dll
0x00007fffe8760000 - 0x00007fffe8788000 	C:\WINDOWS\System32\bcrypt.dll
0x00007fffeadd0000 - 0x00007fffeaee7000 	C:\WINDOWS\System32\RPCRT4.dll
0x00007fffeaba0000 - 0x00007fffead4e000 	C:\WINDOWS\System32\USER32.dll
0x00007fffe8cd0000 - 0x00007fffe8cf6000 	C:\WINDOWS\System32\win32u.dll
0x00007fffe9180000 - 0x00007fffe91a9000 	C:\WINDOWS\System32\GDI32.dll
0x00007fffe8520000 - 0x00007fffe8638000 	C:\WINDOWS\System32\gdi32full.dll
0x00007fffe31b0000 - 0x00007fffe31cb000 	C:\Program Files\Java\jdk-21\bin\VCRUNTIME140.dll
0x00007fffe8790000 - 0x00007fffe882a000 	C:\WINDOWS\System32\msvcp_win.dll
0x00007fffd23c0000 - 0x00007fffd2653000 	C:\WINDOWS\WinSxS\amd64_microsoft.windows.common-controls_6595b64144ccf1df_6.0.22621.2506_none_270c5ae97388e100\COMCTL32.dll
0x00007fffe7c80000 - 0x00007fffe7c8a000 	C:\WINDOWS\SYSTEM32\VERSION.dll
0x00007fffe8ed0000 - 0x00007fffe8f01000 	C:\WINDOWS\System32\IMM32.DLL
0x00000000717f0000 - 0x00000000717fc000 	C:\Program Files (x86)\360\Total Security\safemon\SafeWrapper.dll
0x00007fffc6dc0000 - 0x00007fffc6e52000 	C:\Program Files (x86)\360\Total Security\safemon\libzdtp64.dll
0x00007fffea320000 - 0x00007fffeab7a000 	C:\WINDOWS\System32\SHELL32.dll
0x00007fffe9ba0000 - 0x00007fffe9bfe000 	C:\WINDOWS\System32\SHLWAPI.dll
0x00007fffe32c0000 - 0x00007fffe32cc000 	C:\Program Files\Java\jdk-21\bin\vcruntime140_1.dll
0x00007fffd6d80000 - 0x00007fffd6e0e000 	C:\Program Files\Java\jdk-21\bin\msvcp140.dll
0x00007fffa4b50000 - 0x00007fffa5863000 	C:\Program Files\Java\jdk-21\bin\server\jvm.dll
0x00007fffeaef0000 - 0x00007fffeaf61000 	C:\WINDOWS\System32\WS2_32.dll
0x00007fffda6b0000 - 0x00007fffda6e4000 	C:\WINDOWS\SYSTEM32\WINMM.dll
0x00007fffe81c0000 - 0x00007fffe820d000 	C:\WINDOWS\SYSTEM32\POWRPROF.dll
0x00007fffe81a0000 - 0x00007fffe81b3000 	C:\WINDOWS\SYSTEM32\UMPDC.dll
0x00007fffe72b0000 - 0x00007fffe72c8000 	C:\WINDOWS\SYSTEM32\kernel.appcore.dll
0x00007fffe3270000 - 0x00007fffe327a000 	C:\Program Files\Java\jdk-21\bin\jimage.dll
0x00007fffe5bf0000 - 0x00007fffe5e23000 	C:\WINDOWS\SYSTEM32\DBGHELP.DLL
0x00007fffe9560000 - 0x00007fffe98e9000 	C:\WINDOWS\System32\combase.dll
0x00007fffe8de0000 - 0x00007fffe8eb7000 	C:\WINDOWS\System32\OLEAUT32.dll
0x00007fffd06f0000 - 0x00007fffd0722000 	C:\WINDOWS\SYSTEM32\dbgcore.DLL
0x00007fffe8c50000 - 0x00007fffe8cca000 	C:\WINDOWS\System32\bcryptPrimitives.dll
0x00007fffda5c0000 - 0x00007fffda5df000 	C:\Program Files\Java\jdk-21\bin\java.dll

dbghelp: loaded successfully - version: 4.0.5 - missing functions: none
symbol engine: initialized successfully - sym options: 0x614 - pdb path: .;C:\Program Files\Java\jdk-21\bin;C:\WINDOWS\SYSTEM32;C:\WINDOWS\WinSxS\amd64_microsoft.windows.common-controls_6595b64144ccf1df_6.0.22621.2506_none_270c5ae97388e100;C:\Program Files (x86)\360\Total Security\safemon;C:\Program Files\Java\jdk-21\bin\server

VM Arguments:
jvm_args: -Dmaven.home=EMBEDDED -Dclassworlds.conf=D:\SpringBootAngular\.metadata\.plugins\org.eclipse.m2e.launching\launches\m2conf13218834223627730835.tmp -Dmaven.multiModuleProjectDirectory=D:\SpringMVC\StudentManagementSystem\StudentManagementSystem -Dm2e.build.project.data.socket.port=57016 -Dfile.encoding=UTF-8 -Dstdout.encoding=UTF-8 -Dstderr.encoding=UTF-8 -XX:+ShowCodeDetailsInExceptionMessages 
java_command: org.codehaus.plexus.classworlds.launcher.Launcher -B -Dstyle.color=always clean
java_class_path (initial): C:\Users\my\.p2\pool\plugins\org.eclipse.m2e.maven.runtime_3.9.500.20231113-2345\jars\plexus-classworlds-2.7.0.jar
Launcher Type: SUN_STANDARD

[Global flags]
     intx CICompilerCount                          = 3                                         {product} {ergonomic}
     uint ConcGCThreads                            = 1                                         {product} {ergonomic}
     uint G1ConcRefinementThreads                  = 4                                         {product} {ergonomic}
   size_t G1HeapRegionSize                         = 1048576                                   {product} {ergonomic}
    uintx GCDrainStackTargetSize                   = 64                                        {product} {ergonomic}
   size_t InitialHeapSize                          = 132120576                                 {product} {ergonomic}
   size_t MarkStackSize                            = 4194304                                   {product} {ergonomic}
   size_t MaxHeapSize                              = 2086666240                                {product} {ergonomic}
   size_t MinHeapDeltaBytes                        = 1048576                                   {product} {ergonomic}
   size_t MinHeapSize                              = 8388608                                   {product} {ergonomic}
    uintx NonNMethodCodeHeapSize                   = 5832780                                {pd product} {ergonomic}
    uintx NonProfiledCodeHeapSize                  = 122912730                              {pd product} {ergonomic}
    uintx ProfiledCodeHeapSize                     = 122912730                              {pd product} {ergonomic}
    uintx ReservedCodeCacheSize                    = 251658240                              {pd product} {ergonomic}
     bool SegmentedCodeCache                       = true                                      {product} {ergonomic}
     bool ShowCodeDetailsInExceptionMessages       = true                                   {manageable} {command line}
   size_t SoftMaxHeapSize                          = 2086666240                             {manageable} {ergonomic}
     bool UseCompressedOops                        = true                           {product lp64_product} {ergonomic}
     bool UseG1GC                                  = true                                      {product} {ergonomic}
     bool UseLargePagesIndividualAllocation        = false                                  {pd product} {ergonomic}

Logging:
Log output configuration:
 #0: stdout all=warning uptime,level,tags foldmultilines=false
 #1: stderr all=off uptime,level,tags foldmultilines=false

Environment Variables:
JAVA_HOME=C:\Program Files\Java\jdk-17
PATH=C:\Program Files (x86)\Common Files\Oracle\Java\javapath;C:\Program Files\Common Files\Oracle\Java\javapath;C:\WINDOWS\system32;C:\WINDOWS;C:\WINDOWS\System32\Wbem;C:\WINDOWS\System32\WindowsPowerShell\v1.0\;C:\WINDOWS\System32\OpenSSH\;C:\Program Files\Microsoft SQL Server\Client SDK\ODBC\170\Tools\Binn\;C:\Program Files (x86)\Microsoft SQL Server\150\Tools\Binn\;C:\Program Files\Microsoft SQL Server\150\Tools\Binn\;C:\Program Files\Microsoft SQL Server\150\DTS\Binn\;C:\Program Files (x86)\Microsoft SQL Server\150\DTS\Binn\;C:\Program Files\Azure Data Studio\bin;C:\Program Files\Java\jdk-17\bin;C:\Program Files\Java\jdk-17;C:\Program Files\MySQL\MySQL Server 5.5\bin;C:\Program Files\dotnet\;C:\Program Files\Git\cmd;C:\Program Files\MySQL\MySQL Server 8.0\bin;C:\Program Files\nodejs\;C:\Program Files\MySQL\MySQL Shell 8.3\bin\;C:\Users\my\AppData\Local\Microsoft\WindowsApps;;C:\Program Files\Azure Data Studio\bin;C:\Users\my\AppData\Local\Programs\Microsoft VS Code\bin;C:\Users\my\AppData\Roaming\npm
USERNAME=my
OS=Windows_NT
PROCESSOR_IDENTIFIER=Intel64 Family 6 Model 126 Stepping 5, GenuineIntel
TMP=C:\Users\my\AppData\Local\Temp
TEMP=C:\Users\my\AppData\Local\Temp




---------------  S Y S T E M  ---------------

OS:
 Windows 11 , 64 bit Build 22621 (10.0.22621.2506)
OS uptime: 10 days 20:11 hours

CPU: total 4 (initial active 4) (2 cores per cpu, 2 threads per core) family 6 model 126 stepping 5 microcode 0xc2, cx8, cmov, fxsr, ht, mmx, 3dnowpref, sse, sse2, sse3, ssse3, sse4.1, sse4.2, popcnt, lzcnt, tsc, tscinvbit, avx, avx2, aes, erms, clmul, bmi1, bmi2, adx, avx512f, avx512dq, avx512cd, avx512bw, avx512vl, sha, fma, vzeroupper, avx512_vpopcntdq, avx512_vpclmulqdq, avx512_vaes, avx512_vnni, clflush, clflushopt, avx512_vbmi2, avx512_vbmi, rdtscp, rdpid, fsrm, gfni, avx512_bitalg, f16c, pku, avx512_ifma
Processor Information for all 4 processors :
  Max Mhz: 1190, Current Mhz: 1190, Mhz Limit: 1190

Memory: 4k page, system-wide physical 7958M (835M free)
TotalPageFile size 10006M (AvailPageFile size 69M)
current process WorkingSet (physical memory assigned to process): 12M, peak: 12M
current process commit charge ("private bytes"): 52M, peak: 178M

vm_info: Java HotSpot(TM) 64-Bit Server VM (21+35-LTS-2513) for windows-amd64 JRE (21+35-LTS-2513), built on 2023-08-09T20:25:10Z by "mach5one" with MS VC++ 17.1 (VS2022)

END.
